<?xml version="1.0" encoding="UTF-8"?>
<!-- Generated by org.testng.reporters.JUnitReportReporter -->
<testsuite hostname="DESKTOP-35CFFOK" failures="0" tests="1" name="feb2023.Hash_Map" time="0.009" errors="0" timestamp="2024-03-01T07:26:25 IST" skipped="0">
  <testcase classname="feb2023.Hash_Map" name="matc" time="0.009"/>
</testsuite> <!-- feb2023.Hash_Map -->
