<?xml version="1.0" encoding="UTF-8"?>
<!-- Generated by org.testng.reporters.JUnitReportReporter -->
<testsuite hostname="DESKTOP-35CFFOK" failures="0" tests="1" name="feb2023.UploadFile" time="2.676" errors="0" timestamp="2024-02-25T17:16:58 IST" skipped="0">
  <testcase classname="feb2023.UploadFile" name="Login" time="2.676"/>
</testsuite> <!-- feb2023.UploadFile -->
