<?xml version="1.0" encoding="UTF-8"?>
<!-- Generated by org.testng.reporters.JUnitReportReporter -->
<testsuite hostname="DESKTOP-35CFFOK" failures="0" tests="4" name="feb2023.Regression_Smoke" time="0.018" errors="0" timestamp="2024-02-25T22:00:56 IST" skipped="0">
  <testcase classname="feb2023.Regression_Smoke" name="Test2" time="0.002"/>
  <testcase classname="feb2023.Regression_Smoke" name="Test3" time="0.003"/>
  <testcase classname="feb2023.Regression_Smoke" name="Test1" time="0.010"/>
  <testcase classname="feb2023.Regression_Smoke" name="Test4" time="0.003"/>
</testsuite> <!-- feb2023.Regression_Smoke -->
