<?xml version="1.0" encoding="UTF-8"?>
<!-- Generated by org.testng.reporters.JUnitReportReporter -->
<testsuite hostname="DESKTOP-35CFFOK" failures="0" tests="1" name="feb2023.ReverseString" time="0.016" errors="0" timestamp="2024-03-05T23:16:53 IST" skipped="0">
  <testcase classname="feb2023.ReverseString" name="wordcount" time="0.016"/>
</testsuite> <!-- feb2023.ReverseString -->
