<?xml version="1.0" encoding="UTF-8"?>
<!-- Generated by org.testng.reporters.JUnitReportReporter -->
<testsuite hostname="DESKTOP-35CFFOK" failures="0" tests="1" name="feb2023.ReverseString1212" time="0.008" errors="0" timestamp="2024-03-16T19:48:00 IST" skipped="0">
  <testcase classname="feb2023.ReverseString1212" name="rever" time="0.008"/>
</testsuite> <!-- feb2023.ReverseString1212 -->
