<?xml version="1.0" encoding="UTF-8"?>
<!-- Generated by org.testng.reporters.JUnitReportReporter -->
<testsuite hostname="DESKTOP-35CFFOK" failures="0" tests="1" name="feb2023.ArraySum" time="14.031" errors="0" timestamp="2024-03-01T22:07:19 IST" skipped="0">
  <testcase classname="feb2023.ArraySum" name="arrysun" time="14.031"/>
</testsuite> <!-- feb2023.ArraySum -->
