<?xml version="1.0" encoding="UTF-8"?>
<!-- Generated by org.testng.reporters.JUnitReportReporter -->
<testsuite hostname="DESKTOP-35CFFOK" failures="0" tests="1" name="feb2023.RandoMarray" time="0.027" errors="0" timestamp="2024-03-01T23:20:51 IST" skipped="0">
  <testcase classname="feb2023.RandoMarray" name="printrandomarray" time="0.027"/>
</testsuite> <!-- feb2023.RandoMarray -->
