<?xml version="1.0" encoding="UTF-8"?>
<!-- Generated by org.testng.reporters.JUnitReportReporter -->
<testsuite hostname="DESKTOP-35CFFOK" failures="0" tests="1" name="feb2023.PropertiesFileUtils" time="1.506" errors="0" timestamp="2024-02-25T00:46:27 IST" skipped="0">
  <testcase classname="feb2023.PropertiesFileUtils" name="logg" time="1.506"/>
</testsuite> <!-- feb2023.PropertiesFileUtils -->
