<?xml version="1.0" encoding="UTF-8"?>
<!-- Generated by org.testng.reporters.JUnitReportReporter -->
<testsuite hostname="DESKTOP-35CFFOK" failures="0" tests="1" name="feb2023.SortArraySearch" time="0.010" errors="0" timestamp="2024-02-26T23:06:10 IST" skipped="0">
  <testcase classname="feb2023.SortArraySearch" name="Searching1" time="0.010"/>
</testsuite> <!-- feb2023.SortArraySearch -->
