<?xml version="1.0" encoding="UTF-8"?>
<!-- Generated by org.testng.reporters.JUnitReportReporter -->
<testsuite hostname="DESKTOP-35CFFOK" failures="0" tests="1" name="feb2023.PrimeNumber" time="0.006" errors="0" timestamp="2024-02-23T23:39:33 IST" skipped="0">
  <testcase classname="feb2023.PrimeNumber" name="IsPrime" time="0.006"/>
</testsuite> <!-- feb2023.PrimeNumber -->
