<?xml version="1.0" encoding="UTF-8"?>
<!-- Generated by org.testng.reporters.JUnitReportReporter -->
<testsuite hostname="DESKTOP-35CFFOK" failures="0" tests="2" name="string.String_declaration" time="0.007" errors="0" timestamp="2024-02-04T12:24:56 IST" skipped="1">
  <testcase classname="string.String_declaration" name="test5" time="0.007"/>
  <testcase classname="string.String_declaration" name="Stringg">
    <skipped/>
  </testcase> <!-- Stringg -->
</testsuite> <!-- string.String_declaration -->
