<?xml version="1.0" encoding="UTF-8"?>
<!-- Generated by org.testng.reporters.JUnitReportReporter -->
<testsuite hostname="DESKTOP-35CFFOK" failures="0" tests="1" name="keys.Keyborad_Keys" time="16.927" errors="0" timestamp="2024-03-09T09:44:10 IST" skipped="0">
  <testcase classname="keys.Keyborad_Keys" name="KeyboardShot" time="16.927"/>
</testsuite> <!-- keys.Keyborad_Keys -->
