<?xml version="1.0" encoding="UTF-8"?>
<!-- Generated by org.testng.reporters.JUnitReportReporter -->
<testsuite hostname="DESKTOP-35CFFOK" failures="0" tests="4" name="feb2023.TestPriority" time="0.021" errors="0" timestamp="2024-02-25T16:49:48 IST" skipped="0">
  <testcase classname="feb2023.TestPriority" name="testA" time="0.002"/>
  <testcase classname="feb2023.TestPriority" name="AtestB" time="0.008"/>
  <testcase classname="feb2023.TestPriority" name="testC" time="0.008"/>
  <testcase classname="feb2023.TestPriority" name="testD" time="0.003"/>
</testsuite> <!-- feb2023.TestPriority -->
