<?xml version="1.0" encoding="UTF-8"?>
<!-- Generated by org.testng.reporters.JUnitReportReporter -->
<testsuite hostname="DESKTOP-35CFFOK" failures="0" tests="1" name="feb2023.Iframe" time="9.218" errors="0" timestamp="2024-02-26T21:00:35 IST" skipped="0">
  <testcase classname="feb2023.Iframe" name="scroll" time="9.218"/>
</testsuite> <!-- feb2023.Iframe -->
