<?xml version="1.0" encoding="UTF-8"?>
<!-- Generated by org.testng.reporters.JUnitReportReporter -->
<testsuite hostname="DESKTOP-35CFFOK" failures="0" tests="1" name="feb2023.LaunchBrowser" time="12.894" errors="0" timestamp="2024-02-11T09:13:59 IST" skipped="0">
  <testcase classname="feb2023.LaunchBrowser" name="launchbrowser" time="12.894"/>
</testsuite> <!-- feb2023.LaunchBrowser -->
