<?xml version="1.0" encoding="UTF-8"?>
<!-- Generated by org.testng.reporters.JUnitReportReporter -->
<testsuite hostname="LP-5CG02385TQ" failures="0" tests="3" name="testcase.Webdriveruniversity" time="20.060" errors="0" timestamp="2023-01-24T21:43:08 IST" skipped="2">
  <testcase classname="testcase.Webdriveruniversity" name="Radio" time="20.060"/>
  <system-out/>
  <testcase classname="testcase.Webdriveruniversity" name="dropWSelect">
    <skipped/>
  </testcase> <!-- dropWSelect -->
  <system-out/>
  <testcase classname="testcase.Webdriveruniversity" name="dropdown">
    <skipped/>
  </testcase> <!-- dropdown -->
  <system-out/>
</testsuite> <!-- testcase.Webdriveruniversity -->
