<?xml version="1.0" encoding="UTF-8"?>
<!-- Generated by org.testng.reporters.JUnitReportReporter -->
<testsuite hostname="LP-5CG02385TQ" failures="0" tests="3" name="randomstuff.Screenshot" time="14.666" errors="0" timestamp="2023-03-12T22:14:41 IST" skipped="2">
  <testcase classname="randomstuff.Screenshot" name="TypeJS" time="14.666"/>
  <system-out/>
  <testcase classname="randomstuff.Screenshot" name="TakeScreenGrab">
    <skipped/>
  </testcase> <!-- TakeScreenGrab -->
  <system-out/>
  <testcase classname="randomstuff.Screenshot" name="TakeSS">
    <skipped/>
  </testcase> <!-- TakeSS -->
  <system-out/>
</testsuite> <!-- randomstuff.Screenshot -->
