<?xml version="1.0" encoding="UTF-8"?>
<!-- Generated by org.testng.reporters.JUnitReportReporter -->
<testsuite hostname="LP-5CG02385TQ" failures="0" tests="1" name="window_handel.WindowHand" time="16.975" errors="0" timestamp="2023-03-05T16:46:11 IST" skipped="0">
  <testcase classname="window_handel.WindowHand" name="GetWindowHand" time="16.975"/>
  <system-out/>
</testsuite> <!-- window_handel.WindowHand -->
