<?xml version="1.0" encoding="UTF-8"?>
<!-- Generated by org.testng.reporters.JUnitReportReporter -->
<testsuite hostname="LP-5CG02385TQ" failures="0" tests="1" name="window_handel.HandelWindow" time="15.362" errors="0" timestamp="2023-03-29T12:58:46 IST" skipped="0">
  <testcase classname="window_handel.HandelWindow" name="Switch12" time="15.362"/>
  <system-out/>
</testsuite> <!-- window_handel.HandelWindow -->
