<?xml version="1.0" encoding="UTF-8"?>
<!-- Generated by org.testng.reporters.JUnitReportReporter -->
<testsuite hostname="LP-5CG02385TQ" failures="0" tests="1" name="testcase.Orangehomeloginpagefactory" time="18.449" errors="0" timestamp="2023-01-23T19:49:26 IST" skipped="0">
  <testcase classname="testcase.Orangehomeloginpagefactory" name="login" time="18.449"/>
  <system-out/>
</testsuite> <!-- testcase.Orangehomeloginpagefactory -->
