<?xml version="1.0" encoding="UTF-8"?>
<!-- Generated by org.testng.reporters.JUnitReportReporter -->
<testsuite hostname="LP-5CG02385TQ" failures="0" tests="3" name="testcase.DependsOn" time="0.030" errors="0" timestamp="2023-02-16T09:57:38 IST" skipped="0">
  <testcase classname="testcase.DependsOn" name="Test1" time="0.025"/>
  <system-out/>
  <testcase classname="testcase.DependsOn" name="Test3" time="0.003"/>
  <system-out/>
  <testcase classname="testcase.DependsOn" name="Test2" time="0.002"/>
  <system-out/>
</testsuite> <!-- testcase.DependsOn -->
