<?xml version="1.0" encoding="UTF-8"?>
<!-- Generated by org.testng.reporters.JUnitReportReporter -->
<testsuite hostname="LP-5CG02385TQ" failures="0" tests="2" name="keystroke.Keyboard_Keys" time="15.136" errors="0" timestamp="2023-03-16T15:34:12 IST" skipped="1">
  <testcase classname="keystroke.Keyboard_Keys" name="Keyss" time="15.136"/>
  <system-out/>
  <testcase classname="keystroke.Keyboard_Keys" name="tabswitch">
    <skipped/>
  </testcase> <!-- tabswitch -->
  <system-out/>
</testsuite> <!-- keystroke.Keyboard_Keys -->
