<?xml version="1.0" encoding="UTF-8"?>
<!-- Generated by org.testng.reporters.JUnitReportReporter -->
<testsuite hostname="LP-5CG02385TQ" failures="0" tests="1" name="window_handel.Switch_To_Tabs" time="30.615" errors="0" timestamp="2023-03-15T09:36:29 IST" skipped="0">
  <testcase classname="window_handel.Switch_To_Tabs" name="MultiTab" time="30.615"/>
  <system-out/>
</testsuite> <!-- window_handel.Switch_To_Tabs -->
