<?xml version="1.0" encoding="UTF-8"?>
<!-- Generated by org.testng.reporters.JUnitReportReporter -->
<testsuite hostname="LP-5CG02385TQ" failures="0" tests="2" name="testcase.Test1" time="11.566" errors="0" timestamp="2023-01-21T19:35:53 IST" skipped="1">
  <testcase classname="testcase.Test1" name="takeSS" time="11.566"/>
  <system-out/>
  <testcase classname="testcase.Test1" name="test1">
    <skipped/>
  </testcase> <!-- test1 -->
  <system-out/>
</testsuite> <!-- testcase.Test1 -->
