<?xml version="1.0" encoding="UTF-8"?>
<!-- Generated by org.testng.reporters.JUnitReportReporter -->
<testsuite hostname="LP-5CG02385TQ" failures="0" tests="1" name="testcase.OrangeLogin" time="12.824" errors="0" timestamp="2023-01-22T20:39:47 IST" skipped="0">
  <testcase classname="testcase.OrangeLogin" name="login" time="12.824"/>
  <system-out/>
</testsuite> <!-- testcase.OrangeLogin -->
