<?xml version="1.0" encoding="UTF-8"?>
<!-- Generated by org.testng.reporters.JUnitReportReporter -->
<testsuite hostname="DESKTOP-35CFFOK" failures="0" tests="1" name="feb2024.Browser" time="6.944" errors="0" timestamp="2024-01-31T23:16:44 IST" skipped="0">
  <testcase classname="feb2024.Browser" name="Launch_Browser" time="6.944"/>
  <system-out/>
</testsuite> <!-- feb2024.Browser -->
