<?xml version="1.0" encoding="UTF-8"?>
<!-- Generated by org.testng.reporters.JUnitReportReporter -->
<testsuite hostname="LP-5CG02385TQ" failures="0" tests="3" name="testcase.Test_Explicit_Wait" time="19.490" errors="0" timestamp="2023-02-16T11:53:31 IST" skipped="2">
  <testcase classname="testcase.Test_Explicit_Wait" name="test3" time="19.490"/>
  <system-out/>
  <testcase classname="testcase.Test_Explicit_Wait" name="test2">
    <skipped/>
  </testcase> <!-- test2 -->
  <system-out/>
  <testcase classname="testcase.Test_Explicit_Wait" name="test1">
    <skipped/>
  </testcase> <!-- test1 -->
  <system-out/>
</testsuite> <!-- testcase.Test_Explicit_Wait -->
