<?xml version="1.0" encoding="UTF-8"?>
<!-- Generated by org.testng.reporters.JUnitReportReporter -->
<testsuite hostname="LP-5CG02385TQ" failures="0" tests="1" name="window_handel.WindowHandles" time="12.903" errors="0" timestamp="2023-03-05T20:59:39 IST" skipped="0">
  <testcase classname="window_handel.WindowHandles" name="Windowhandelprogram" time="12.903"/>
  <system-out/>
</testsuite> <!-- window_handel.WindowHandles -->
